<?xml version="1.0" encoding="UTF-8"?>
<!-- Generated by org.testng.reporters.JUnitReportReporter -->
<testsuite skipped="3" hostname="AKKYU01-5520" name="com.lco.qa.testcases.OnePersonQuoteTest" tests="5" failures="0" timestamp="11 Feb 2019 22:34:24 GMT" time="28.977" errors="0">
  <testcase name="onePersonQuoteTest11" time="15.113" classname="com.lco.qa.testcases.OnePersonQuoteTest"/>
  <testcase name="onePersonQuoteTest11" time="13.864" classname="com.lco.qa.testcases.OnePersonQuoteTest"/>
  <testcase name="homePageTitleTest" classname="com.lco.qa.testcases.OnePersonQuoteTest">
    <skipped/>
  </testcase> <!-- homePageTitleTest -->
  <testcase name="onePersonQuoteTest1" classname="com.lco.qa.testcases.OnePersonQuoteTest">
    <skipped/>
  </testcase> <!-- onePersonQuoteTest1 -->
  <testcase name="onePersonQuoteTest" classname="com.lco.qa.testcases.OnePersonQuoteTest">
    <skipped/>
  </testcase> <!-- onePersonQuoteTest -->
</testsuite> <!-- com.lco.qa.testcases.OnePersonQuoteTest -->
