<?xml version="1.0" encoding="UTF-8"?>
<!-- Generated by org.testng.reporters.JUnitReportReporter -->
<testsuite skipped="1" hostname="sureifyadmin-Inspiron-15-3567" name="com.lco.qa.testcases.PersonalPageTest" tests="2" failures="0" timestamp="14 Feb 2019 14:08:11 GMT" time="67.099" errors="0">
  <testcase name="loginTest" time="67.099" classname="com.lco.qa.testcases.PersonalPageTest"/>
  <testcase name="loginPageTitleTest" classname="com.lco.qa.testcases.PersonalPageTest">
    <skipped/>
  </testcase> <!-- loginPageTitleTest -->
</testsuite> <!-- com.lco.qa.testcases.PersonalPageTest -->
