<?xml version="1.0" encoding="UTF-8"?>
<!-- Generated by org.testng.reporters.JUnitReportReporter -->
<testsuite skipped="3" hostname="sureifyadmin-Inspiron-15-3567" name="com.lco.qa.testcases.CustomerQuoteTest" tests="4" failures="0" timestamp="22 Oct 2019 06:24:20 GMT" time="833.471" errors="0">
  <testcase name="loginTest" time="833.471" classname="com.lco.qa.testcases.CustomerQuoteTest"/>
  <testcase name="selfQuote" classname="com.lco.qa.testcases.CustomerQuoteTest">
    <skipped/>
  </testcase> <!-- selfQuote -->
  <testcase name="actionPageTitleTest" classname="com.lco.qa.testcases.CustomerQuoteTest">
    <skipped/>
  </testcase> <!-- actionPageTitleTest -->
  <testcase name="continueToApplication" classname="com.lco.qa.testcases.CustomerQuoteTest">
    <skipped/>
  </testcase> <!-- continueToApplication -->
</testsuite> <!-- com.lco.qa.testcases.CustomerQuoteTest -->
