<?xml version="1.0" encoding="UTF-8"?>
<!-- Generated by org.testng.reporters.JUnitReportReporter -->
<testsuite skipped="1" hostname="sureifyadmin-Inspiron-15-3567" name="com.lco.qa.testcases.PersonalPageTest" tests="2" failures="0" timestamp="22 Mar 2019 02:31:49 GMT" time="791.069" errors="0">
  <testcase name="loginTest" time="791.069" classname="com.lco.qa.testcases.PersonalPageTest"/>
  <testcase name="personalPageTitleTest" classname="com.lco.qa.testcases.PersonalPageTest">
    <skipped/>
  </testcase> <!-- personalPageTitleTest -->
</testsuite> <!-- com.lco.qa.testcases.PersonalPageTest -->
