<?xml version="1.0" encoding="UTF-8"?>
<!-- Generated by org.testng.reporters.JUnitReportReporter -->
<testsuite skipped="3" hostname="sureifyadmin-Inspiron-15-3567" name="com.lco.qa.testcases.DemoTest" tests="4" failures="0" timestamp="16 May 2019 00:15:48 GMT" time="10.365" errors="0">
  <testcase name="loginPageTitleTest" time="10.365" classname="com.lco.qa.testcases.DemoTest"/>
  <testcase name="Test" classname="com.lco.qa.testcases.DemoTest">
    <skipped/>
  </testcase> <!-- Test -->
  <testcase name="Test2" classname="com.lco.qa.testcases.DemoTest">
    <skipped/>
  </testcase> <!-- Test2 -->
  <testcase name="Test1" classname="com.lco.qa.testcases.DemoTest">
    <skipped/>
  </testcase> <!-- Test1 -->
</testsuite> <!-- com.lco.qa.testcases.DemoTest -->
