<?xml version="1.0" encoding="UTF-8"?>
<!-- Generated by org.testng.reporters.JUnitReportReporter -->
<testsuite skipped="1" hostname="sureifyadmin-Inspiron-15-3567" name="com.lco.qa.testcases.ActionPageTest" tests="2" failures="0" timestamp="28 Feb 2019 16:33:36 GMT" time="1583.777" errors="0">
  <testcase name="continueToApplication" time="1583.777" classname="com.lco.qa.testcases.ActionPageTest"/>
  <testcase name="actionPageTitleTest" classname="com.lco.qa.testcases.ActionPageTest">
    <skipped/>
  </testcase> <!-- actionPageTitleTest -->
</testsuite> <!-- com.lco.qa.testcases.ActionPageTest -->
