<?xml version="1.0" encoding="UTF-8"?>
<!-- Generated by org.testng.reporters.JUnitReportReporter -->
<testsuite skipped="3" hostname="sureifyadmin-Inspiron-15-3567" name="com.lco.qa.testcases.CustomerQuoteTest" tests="4" failures="0" timestamp="29 Oct 2019 04:25:51 GMT" time="1712.461" errors="0">
  <testcase name="selfQuote" time="1712.461" classname="com.lco.qa.testcases.CustomerQuoteTest"/>
  <testcase name="actionPageTitleTest" classname="com.lco.qa.testcases.CustomerQuoteTest">
    <skipped/>
  </testcase> <!-- actionPageTitleTest -->
  <testcase name="loginTest" classname="com.lco.qa.testcases.CustomerQuoteTest">
    <skipped/>
  </testcase> <!-- loginTest -->
  <testcase name="continueToApplication" classname="com.lco.qa.testcases.CustomerQuoteTest">
    <skipped/>
  </testcase> <!-- continueToApplication -->
</testsuite> <!-- com.lco.qa.testcases.CustomerQuoteTest -->
