<?xml version="1.0" encoding="UTF-8"?>
<!-- Generated by org.testng.reporters.JUnitReportReporter -->
<testsuite skipped="1" hostname="sureifyadmin-Inspiron-15-3567" name="com.lco.qa.testcases.PersonalPageTest" tests="2" failures="0" timestamp="04 Apr 2019 00:46:19 GMT" time="991.887" errors="0">
  <testcase name="loginTest" time="991.887" classname="com.lco.qa.testcases.PersonalPageTest"/>
  <testcase name="personalPageTitleTest" classname="com.lco.qa.testcases.PersonalPageTest">
    <skipped/>
  </testcase> <!-- personalPageTitleTest -->
</testsuite> <!-- com.lco.qa.testcases.PersonalPageTest -->
