<?xml version="1.0" encoding="UTF-8"?>
<!-- Generated by org.testng.reporters.JUnitReportReporter -->
<testsuite skipped="3" hostname="AKKYU01-5520" name="com.lco.qa.testcases.ProductSelectionTest" tests="4" failures="0" timestamp="12 Feb 2019 11:37:51 GMT" time="192.220" errors="0">
  <testcase name="selectProduct" time="192.220" classname="com.lco.qa.testcases.ProductSelectionTest"/>
  <testcase name="FinalizeProduct" classname="com.lco.qa.testcases.ProductSelectionTest">
    <skipped/>
  </testcase> <!-- FinalizeProduct -->
  <testcase name="validateOnePersonQuoteInfo" classname="com.lco.qa.testcases.ProductSelectionTest">
    <skipped/>
  </testcase> <!-- validateOnePersonQuoteInfo -->
  <testcase name="ProductSelectionPageTitleTest" classname="com.lco.qa.testcases.ProductSelectionTest">
    <skipped/>
  </testcase> <!-- ProductSelectionPageTitleTest -->
</testsuite> <!-- com.lco.qa.testcases.ProductSelectionTest -->
