<?xml version="1.0" encoding="UTF-8"?>
<!-- Generated by org.testng.reporters.JUnitReportReporter -->
<testsuite skipped="1" hostname="AKKYU01-5520" name="com.lco.qa.testcases.DemoTest" tests="2" failures="0" timestamp="13 Feb 2019 05:44:06 GMT" time="6.149" errors="0">
  <testcase name="Test" time="6.149" classname="com.lco.qa.testcases.DemoTest"/>
  <testcase name="loginPageTitleTest" classname="com.lco.qa.testcases.DemoTest">
    <skipped/>
  </testcase> <!-- loginPageTitleTest -->
</testsuite> <!-- com.lco.qa.testcases.DemoTest -->
