<?xml version="1.0" encoding="UTF-8"?>
<!-- Generated by org.testng.reporters.JUnitReportReporter -->
<testsuite skipped="3" hostname="sureifyadmin-Inspiron-15-3567" name="com.lco.qa.testcases.OnePersonQuoteTest" tests="4" failures="0" timestamp="05 Jun 2019 15:02:30 GMT" time="25.806" errors="0">
  <testcase name="onePersonQuoteTest11" time="25.806" classname="com.lco.qa.testcases.OnePersonQuoteTest"/>
  <testcase name="homePageTitleTest" classname="com.lco.qa.testcases.OnePersonQuoteTest">
    <skipped/>
  </testcase> <!-- homePageTitleTest -->
  <testcase name="onePersonQuoteTest1" classname="com.lco.qa.testcases.OnePersonQuoteTest">
    <skipped/>
  </testcase> <!-- onePersonQuoteTest1 -->
  <testcase name="onePersonQuoteTest" classname="com.lco.qa.testcases.OnePersonQuoteTest">
    <skipped/>
  </testcase> <!-- onePersonQuoteTest -->
</testsuite> <!-- com.lco.qa.testcases.OnePersonQuoteTest -->
