<?xml version="1.0" encoding="UTF-8"?>
<!-- Generated by org.testng.reporters.JUnitReportReporter -->
<testsuite skipped="1" hostname="sureifyadmin-Inspiron-15-3567" name="com.lco.qa.testcases.DemoTest" tests="2" failures="0" timestamp="13 Feb 2019 13:55:16 GMT" time="9.289" errors="0">
  <testcase name="Test" time="9.289" classname="com.lco.qa.testcases.DemoTest"/>
  <testcase name="loginPageTitleTest" classname="com.lco.qa.testcases.DemoTest">
    <skipped/>
  </testcase> <!-- loginPageTitleTest -->
</testsuite> <!-- com.lco.qa.testcases.DemoTest -->
