<?xml version="1.0" encoding="UTF-8"?>
<!-- Generated by org.testng.reporters.JUnitReportReporter -->
<testsuite skipped="1" hostname="sureifyadmin-Inspiron-15-3567" name="com.lco.qa.testcases.ActionPageTest" tests="2" failures="0" timestamp="19 Feb 2019 10:59:22 GMT" time="36.576" errors="0">
  <testcase name="continueToApplication" time="36.576" classname="com.lco.qa.testcases.ActionPageTest"/>
  <testcase name="actionPageTitleTest" classname="com.lco.qa.testcases.ActionPageTest">
    <skipped/>
  </testcase> <!-- actionPageTitleTest -->
</testsuite> <!-- com.lco.qa.testcases.ActionPageTest -->
