<?xml version="1.0" encoding="UTF-8"?>
<!-- Generated by org.testng.reporters.JUnitReportReporter -->
<testsuite skipped="3" hostname="sureifyadmin-Inspiron-15-3567" name="com.lco.qa.testcases.ProductSelectionTest" tests="4" failures="0" timestamp="05 Aug 2019 22:08:39 GMT" time="51.444" errors="0">
  <testcase name="selectProduct" time="51.444" classname="com.lco.qa.testcases.ProductSelectionTest"/>
  <testcase name="validateOnePersonQuoteInfoTest" classname="com.lco.qa.testcases.ProductSelectionTest">
    <skipped/>
  </testcase> <!-- validateOnePersonQuoteInfoTest -->
  <testcase name="FinalizeProduct" classname="com.lco.qa.testcases.ProductSelectionTest">
    <skipped/>
  </testcase> <!-- FinalizeProduct -->
  <testcase name="ProductSelectionPageTitleTest" classname="com.lco.qa.testcases.ProductSelectionTest">
    <skipped/>
  </testcase> <!-- ProductSelectionPageTitleTest -->
</testsuite> <!-- com.lco.qa.testcases.ProductSelectionTest -->
