<?xml version="1.0" encoding="UTF-8"?>
<!-- Generated by org.testng.reporters.JUnitReportReporter -->
<testsuite skipped="1" hostname="sureifyadmin-Inspiron-15-3567" name="com.lco.qa.testcases.ActionPageTest" tests="2" failures="0" timestamp="05 Mar 2019 11:21:56 GMT" time="716.492" errors="0">
  <testcase name="continueToApplication" time="716.492" classname="com.lco.qa.testcases.ActionPageTest"/>
  <testcase name="actionPageTitleTest" classname="com.lco.qa.testcases.ActionPageTest">
    <skipped/>
  </testcase> <!-- actionPageTitleTest -->
</testsuite> <!-- com.lco.qa.testcases.ActionPageTest -->
